<?xml version="1.0" encoding="UTF-8"?>
<!-- Generated by org.testng.reporters.JUnitXMLReporter -->
<testsuite ignored="0" hostname="Akshay" failures="1" tests="1" name="Default test" time="0.806" errors="0" timestamp="2024-04-05T22:35:53 IST">
  <testcase classname="io.cucumber.testng.AbstractTestNGCucumberTests" name="runScenario" time="0.109">
    <failure type="java.lang.NullPointerException" message="Cannot invoke &amp;quot;rahulshettyacademy.pageobjects.LandingPage.loginApplication(String, String)&amp;quot; because &amp;quot;this.landingPage&amp;quot; is null">
      <![CDATA[java.lang.NullPointerException: Cannot invoke "rahulshettyacademy.pageobjects.LandingPage.loginApplication(String, String)" because "this.landingPage" is null
at rahulshettyacademy.stepDefinitions.StepDefinitionImpl.Logged_in_username_and_password(StepDefinitionImpl.java:34)
at ✽.Logged in with username akshaybhagat168@gmail.com and password Akshay@00(file:///C:/Users/aksha/eclipse-workspace/SeleniumFrameworkDesign/src/test/resources/features/SubmitOrder.feature:16)
]]>
    </failure>
  </testcase> <!-- runScenario -->
</testsuite> <!-- Default test -->
