<?xml version="1.0" encoding="UTF-8"?>
<testng-results ignored="0" total="1" passed="0" failed="1" skipped="0">
  <reporter-output>
  </reporter-output>
  <suite started-at="2024-04-05T22:35:53 IST" name="Default suite" finished-at="2024-04-05T22:35:53 IST" duration-ms="806">
    <groups>
      <group name="cucumber">
        <method signature="AbstractTestNGCucumberTests.runScenario(io.cucumber.testng.PickleWrapper,io.cucumber.testng.FeatureWrapper)[pri:0, instance:cucumber.TestNGTestRunner@43df23d3]" name="runScenario" class="io.cucumber.testng.AbstractTestNGCucumberTests"/>
      </group> <!-- cucumber -->
    </groups>
    <test started-at="2024-04-05T22:35:53 IST" name="Default test" finished-at="2024-04-05T22:35:53 IST" duration-ms="806">
      <class name="cucumber.TestNGTestRunner">
        <test-method is-config="true" signature="setUpClass(org.testng.ITestContext)[pri:0, instance:cucumber.TestNGTestRunner@43df23d3]" started-at="2024-04-05T22:35:53 IST" name="setUpClass" finished-at="2024-04-05T22:35:53 IST" duration-ms="607" status="PASS">
          <params>
            <param index="0">
              <value>
                <![CDATA[org.testng.TestRunner@c96a4ea]]>
              </value>
            </param>
          </params>
          <reporter-output>
          </reporter-output>
        </test-method> <!-- setUpClass -->
        <test-method signature="runScenario(io.cucumber.testng.PickleWrapper,io.cucumber.testng.FeatureWrapper)[pri:0, instance:cucumber.TestNGTestRunner@43df23d3]" started-at="2024-04-05T22:35:53 IST" name="runScenario" description="Runs Cucumber Scenarios" data-provider="scenarios" finished-at="2024-04-05T22:35:53 IST" duration-ms="109" status="FAIL">
          <params>
            <param index="0">
              <value>
                <![CDATA["Positive test of Submitting the Order"]]>
              </value>
            </param>
            <param index="1">
              <value>
                <![CDATA["Purchase the order from ECommerce Website"]]>
              </value>
            </param>
          </params>
          <exception class="java.lang.NullPointerException">
            <message>
              <![CDATA[Cannot invoke "rahulshettyacademy.pageobjects.LandingPage.loginApplication(String, String)" because "this.landingPage" is null]]>
            </message>
            <full-stacktrace>
              <![CDATA[java.lang.NullPointerException: Cannot invoke "rahulshettyacademy.pageobjects.LandingPage.loginApplication(String, String)" because "this.landingPage" is null
at rahulshettyacademy.stepDefinitions.StepDefinitionImpl.Logged_in_username_and_password(StepDefinitionImpl.java:34)
at ✽.Logged in with username akshaybhagat168@gmail.com and password Akshay@00(file:///C:/Users/aksha/eclipse-workspace/SeleniumFrameworkDesign/src/test/resources/features/SubmitOrder.feature:16)
]]>
            </full-stacktrace>
          </exception> <!-- java.lang.NullPointerException -->
          <reporter-output>
          </reporter-output>
        </test-method> <!-- runScenario -->
        <test-method is-config="true" signature="tearDownClass()[pri:0, instance:cucumber.TestNGTestRunner@43df23d3]" started-at="2024-04-05T22:35:53 IST" name="tearDownClass" finished-at="2024-04-05T22:35:53 IST" duration-ms="38" status="PASS">
          <reporter-output>
          </reporter-output>
        </test-method> <!-- tearDownClass -->
      </class> <!-- cucumber.TestNGTestRunner -->
    </test> <!-- Default test -->
  </suite> <!-- Default suite -->
</testng-results>
