<?xml version="1.0" encoding="UTF-8"?>
<!-- Generated by org.testng.reporters.JUnitReportReporter -->
<testsuite hostname="Akshay" failures="0" tests="1" name="cucumber.TestNGTestRunner" time="0.109" errors="1" timestamp="2024-04-05T22:35:53 IST" skipped="0">
  <testcase classname="cucumber.TestNGTestRunner" name="runScenario" time="0.109">
    <error message="Cannot invoke &quot;rahulshettyacademy.pageobjects.LandingPage.loginApplication(String, String)&quot; because &quot;this.landingPage&quot; is null" type="java.lang.NullPointerException">
      <![CDATA[java.lang.NullPointerException: Cannot invoke "rahulshettyacademy.pageobjects.LandingPage.loginApplication(String, String)" because "this.landingPage" is null
at rahulshettyacademy.stepDefinitions.StepDefinitionImpl.Logged_in_username_and_password(StepDefinitionImpl.java:34)
at ✽.Logged in with username akshaybhagat168@gmail.com and password Akshay@00(file:///C:/Users/aksha/eclipse-workspace/SeleniumFrameworkDesign/src/test/resources/features/SubmitOrder.feature:16)
]]>
    </error>
  </testcase> <!-- runScenario -->
</testsuite> <!-- cucumber.TestNGTestRunner -->
